<?xml version="1.0" encoding="UTF-8"?>
<!-- Generated by org.testng.reporters.JUnitReportReporter -->
<testsuite hostname="DESKTOP-G97SHAO" failures="0" tests="1" name="com.flipkart.testLayer.TestClass" time="14.334" errors="0" timestamp="2023-02-19T11:47:50 IST" skipped="0">
  <testcase classname="com.flipkart.testLayer.TestClass" name="buyProduct" time="14.334"/>
  <system-out/>
</testsuite> <!-- com.flipkart.testLayer.TestClass -->
